<?xml version="1.0" encoding="UTF-8"?>
<!-- Generated by org.testng.reporters.JUnitXMLReporter -->
<testsuite ignored="0" hostname="DESKTOP-RMOCKGK" failures="0" tests="5" name="FirefoxTest" time="106.786" errors="0" timestamp="2022-09-15T19:10:08 IST">
  <testcase classname="TempTest.VerifyBuyAndSellStock" name="buyStock" time="8.729"/>
  <testcase classname="TempTest.VerifyBuyAndSellStock" name="sellStock" time="8.366"/>
  <testcase classname="TempTest.VerifySerachBoxAndChartPage" name="verifyStocksChart" time="9.851"/>
  <testcase classname="TempTest.VerifyTourKite" name="verifyTourKite" time="7.511"/>
  <testcase classname="TempTest.VerifySerachBoxAndChartPage" name="serachStockAndAddToWatchlist" time="0.848"/>
</testsuite> <!-- FirefoxTest -->
