<?xml version="1.0" encoding="UTF-8"?>
<!-- Generated by org.testng.reporters.JUnitXMLReporter -->
<testsuite ignored="1" hostname="DESKTOP-RMOCKGK" failures="0" tests="4" name="Test" time="102.488" errors="0" timestamp="2022-09-14T14:47:37 IST">
  <testcase classname="TempTest.VerifyTourKite" name="verifyTourKite" time="5.712"/>
  <testcase classname="TempTest.VerifyBuyAndSellStock" name="buyStock" time="4.716"/>
  <testcase classname="TempTest.VerifySerachBoxAndChartPage" name="verifyStocksChart" time="7.519"/>
  <testcase classname="TempTest.VerifySerachBoxAndChartPage" name="serachStockAndAddToWatchlist" time="5.97"/>
  <testcase classname="TempTest.VerifyBuyAndSellStock" name="sellStock" time="0.0">
    <ignored/>
  </testcase> <!-- sellStock -->
</testsuite> <!-- Test -->
